<?xml version="1.0" encoding="UTF-8"?>
<!-- Generated by org.testng.reporters.JUnitReportReporter -->
<testsuite hostname="talha0x" failures="0" tests="1" name="testcases.TestHomePage" time="65.788" errors="0" timestamp="2024-11-01T17:42:24 BDT" skipped="0">
  <testcase classname="testcases.TestHomePage" name="testHomePageFeatures" time="65.788"/>
</testsuite> <!-- testcases.TestHomePage -->
