<?xml version="1.0" encoding="UTF-8"?>
<!-- Generated by org.testng.reporters.JUnitReportReporter -->
<testsuite hostname="talha0x" failures="0" tests="5" name="testcases.TestHomePage" time="104.195" errors="0" timestamp="2024-11-02T12:29:45 BDT" skipped="0">
  <testcase classname="testcases.TestHomePage" name="testNavigateToHomePageAndHandlePopup" time="28.498"/>
  <testcase classname="testcases.TestHomePage" name="testScrollToWriterListAndHover" time="37.806"/>
  <testcase classname="testcases.TestHomePage" name="testNavigateToNextPage" time="13.978"/>
  <testcase classname="testcases.TestHomePage" name="testAddItemToCart" time="8.810"/>
  <testcase classname="testcases.TestHomePage" name="testNavigateToCartPage" time="15.103"/>
</testsuite> <!-- testcases.TestHomePage -->
