<?xml version="1.0" encoding="UTF-8"?>
<!-- Generated by org.testng.reporters.JUnitReportReporter -->
<testsuite hostname="talha0x" failures="0" tests="2" name="testcases.TestCartPage" time="22.611" errors="0" timestamp="2024-11-02T12:29:45 BDT" skipped="0">
  <testcase classname="testcases.TestCartPage" name="shippingPageInfoTest" time="10.718"/>
  <testcase classname="testcases.TestCartPage" name="testLogOut" time="11.893"/>
</testsuite> <!-- testcases.TestCartPage -->
